<?xml version="1.0" encoding="UTF-8"?>
<!-- Generated by org.testng.reporters.JUnitXMLReporter -->
<testsuite ignored="1" hostname="TTU-9NP0GG3" failures="0" tests="1" name="NegativeTests" time="18.925" errors="0" timestamp="2024-04-16T15:14:44 WEST">
  <testcase classname="com.herokuapp.theinternet.NegativeTests" name="negativeUsernameTest" time="18.845"/>
  <testcase classname="com.herokuapp.theinternet.NegativeTests" name="incorrectPasswordTest" time="0.0">
    <ignored/>
  </testcase> <!-- incorrectPasswordTest -->
</testsuite> <!-- NegativeTests -->
