<?xml version="1.0" encoding="UTF-8"?>
<!-- Generated by org.testng.reporters.JUnitXMLReporter -->
<testsuite ignored="4" hostname="TTU-9NP0GG3" failures="0" tests="1" name="ExceptionTest" time="16.646" errors="0" timestamp="2024-05-02T18:05:02 WEST">
  <testcase classname="com.herokuapp.theinternet.Exceptiontest" name="timeoutExceptionTests" time="12.106"/>
  <testcase classname="com.herokuapp.theinternet.Exceptiontest" name="elementNotInteractableExceptionTest" time="0.0">
    <ignored/>
  </testcase> <!-- elementNotInteractableExceptionTest -->
  <testcase classname="com.herokuapp.theinternet.Exceptiontest" name="noSuchElementExceptionTest" time="0.0">
    <ignored/>
  </testcase> <!-- noSuchElementExceptionTest -->
  <testcase classname="com.herokuapp.theinternet.Exceptiontest" name="staleElementReferenceExceptionTest" time="0.0">
    <ignored/>
  </testcase> <!-- staleElementReferenceExceptionTest -->
  <testcase classname="com.herokuapp.theinternet.Exceptiontest" name="invalidElementStateExceptionTest" time="0.0">
    <ignored/>
  </testcase> <!-- invalidElementStateExceptionTest -->
</testsuite> <!-- ExceptionTest -->
