<?xml version="1.0" encoding="UTF-8"?>
<!-- Generated by org.testng.reporters.JUnitXMLReporter -->
<testsuite ignored="1" hostname="TTU-9NP0GG3" failures="0" tests="1" name="PositiveLoginTests" time="33.849" errors="0" timestamp="2024-04-30T18:06:06 WEST">
  <testcase classname="com.herokuapp.theinternet.LoginTests" name="PositiveloginTest" time="13.232"/>
  <testcase classname="com.herokuapp.theinternet.LoginTests" name="negativeLoginTest" time="0.0">
    <ignored/>
  </testcase> <!-- negativeLoginTest -->
</testsuite> <!-- PositiveLoginTests -->
