<?xml version="1.0" encoding="UTF-8"?>
<testng-results ignored="0" total="2" passed="2" failed="0" skipped="0">
  <reporter-output>
  </reporter-output>
  <suite started-at="2024-04-15T18:26:59 WEST" name="AllTests" finished-at="2024-04-15T18:27:23 WEST" duration-ms="24621">
    <groups>
    </groups>
    <test started-at="2024-04-15T18:26:59 WEST" name="PositiveTests" finished-at="2024-04-15T18:27:10 WEST" duration-ms="11325">
      <class name="com.herokuapp.theinternet.PositiveTests">
        <test-method signature="loginTest()[pri:0, instance:com.herokuapp.theinternet.PositiveTests@bef2d72]" started-at="2024-04-15T18:26:59 WEST" name="loginTest" finished-at="2024-04-15T18:27:10 WEST" duration-ms="11282" status="PASS">
          <reporter-output>
          </reporter-output>
        </test-method> <!-- loginTest -->
      </class> <!-- com.herokuapp.theinternet.PositiveTests -->
    </test> <!-- PositiveTests -->
    <test started-at="2024-04-15T18:27:10 WEST" name="NegativeTests" finished-at="2024-04-15T18:27:23 WEST" duration-ms="13220">
      <class name="com.herokuapp.theinternet.NegativeTests">
        <test-method signature="negativeUsernameTest()[pri:0, instance:com.herokuapp.theinternet.NegativeTests@3daa422a]" started-at="2024-04-15T18:27:10 WEST" name="negativeUsernameTest" finished-at="2024-04-15T18:27:23 WEST" duration-ms="13217" status="PASS">
          <reporter-output>
          </reporter-output>
        </test-method> <!-- negativeUsernameTest -->
      </class> <!-- com.herokuapp.theinternet.NegativeTests -->
    </test> <!-- NegativeTests -->
  </suite> <!-- AllTests -->
</testng-results>
