<?xml version="1.0" encoding="UTF-8"?>
<testng-results ignored="4" total="5" passed="1" failed="0" skipped="0">
  <reporter-output>
  </reporter-output>
  <suite started-at="2024-05-02T18:04:45 WEST" name="Debug" finished-at="2024-05-02T18:05:02 WEST" duration-ms="16646">
    <groups>
    </groups>
    <test started-at="2024-05-02T18:04:45 WEST" name="ExceptionTest" finished-at="2024-05-02T18:05:02 WEST" duration-ms="16646">
      <class name="com.herokuapp.theinternet.Exceptiontest">
        <test-method is-config="true" signature="setUp(java.lang.String)[pri:0, instance:com.herokuapp.theinternet.Exceptiontest@47d9a273]" started-at="2024-05-02T18:04:45 WEST" name="setUp" finished-at="2024-05-02T18:04:49 WEST" duration-ms="3744" status="PASS">
          <params>
            <param index="0">
              <value>
                <![CDATA[chrome]]>
              </value>
            </param>
          </params>
          <reporter-output>
          </reporter-output>
        </test-method> <!-- setUp -->
        <test-method signature="timeoutExceptionTests()[pri:0, instance:com.herokuapp.theinternet.Exceptiontest@47d9a273]" started-at="2024-05-02T18:04:49 WEST" name="timeoutExceptionTests" finished-at="2024-05-02T18:05:01 WEST" duration-ms="12106" status="PASS">
          <reporter-output>
          </reporter-output>
        </test-method> <!-- timeoutExceptionTests -->
        <test-method is-config="true" signature="tearDown()[pri:0, instance:com.herokuapp.theinternet.Exceptiontest@47d9a273]" started-at="2024-05-02T18:05:01 WEST" name="tearDown" finished-at="2024-05-02T18:05:02 WEST" duration-ms="739" status="PASS">
          <reporter-output>
          </reporter-output>
        </test-method> <!-- tearDown -->
      </class> <!-- com.herokuapp.theinternet.Exceptiontest -->
    </test> <!-- ExceptionTest -->
  </suite> <!-- Debug -->
</testng-results>
